{"D:\\Academia\\UGM\\Semester 6\\Pengujian Perangkat Lunak\\Web-Testing\\backend\\utils.js": {"path":"D:\\Academia\\UGM\\Semester 6\\Pengujian Perangkat Lunak\\Web-Testing\\backend\\utils.js","statementMap":{"0":{"start":{"line":1,"column":15},"end":{"line":1,"column":41}},"1":{"start":{"line":2,"column":23},"end":{"line":2,"column":62}},"2":{"start":{"line":4,"column":11},"end":{"line":4,"column":25}},"3":{"start":{"line":6,"column":26},"end":{"line":25,"column":1}},"4":{"start":{"line":7,"column":19},"end":{"line":7,"column":21}},"5":{"start":{"line":10,"column":4},"end":{"line":23,"column":5}},"6":{"start":{"line":11,"column":8},"end":{"line":13,"column":9}},"7":{"start":{"line":12,"column":12},"end":{"line":12,"column":79}},"8":{"start":{"line":15,"column":25},"end":{"line":15,"column":55}},"9":{"start":{"line":17,"column":8},"end":{"line":19,"column":9}},"10":{"start":{"line":18,"column":12},"end":{"line":18,"column":88}},"11":{"start":{"line":20,"column":8},"end":{"line":22,"column":9}},"12":{"start":{"line":21,"column":12},"end":{"line":21,"column":30}},"13":{"start":{"line":24,"column":4},"end":{"line":24,"column":18}},"14":{"start":{"line":28,"column":22},"end":{"line":33,"column":1}},"15":{"start":{"line":29,"column":26},"end":{"line":31,"column":6}},"16":{"start":{"line":30,"column":8},"end":{"line":30,"column":45}},"17":{"start":{"line":32,"column":4},"end":{"line":32,"column":24}},"18":{"start":{"line":36,"column":22},"end":{"line":92,"column":1}},"19":{"start":{"line":38,"column":4},"end":{"line":40,"column":5}},"20":{"start":{"line":39,"column":8},"end":{"line":39,"column":59}},"21":{"start":{"line":42,"column":4},"end":{"line":44,"column":5}},"22":{"start":{"line":43,"column":8},"end":{"line":43,"column":68}},"23":{"start":{"line":46,"column":4},"end":{"line":48,"column":5}},"24":{"start":{"line":47,"column":8},"end":{"line":47,"column":57}},"25":{"start":{"line":50,"column":4},"end":{"line":52,"column":5}},"26":{"start":{"line":51,"column":8},"end":{"line":51,"column":55}},"27":{"start":{"line":54,"column":4},"end":{"line":61,"column":5}},"28":{"start":{"line":60,"column":8},"end":{"line":60,"column":58}},"29":{"start":{"line":63,"column":26},"end":{"line":63,"column":41}},"30":{"start":{"line":66,"column":21},"end":{"line":66,"column":46}},"31":{"start":{"line":67,"column":27},"end":{"line":67,"column":69}},"32":{"start":{"line":68,"column":30},"end":{"line":68,"column":31}},"33":{"start":{"line":71,"column":4},"end":{"line":76,"column":5}},"34":{"start":{"line":73,"column":8},"end":{"line":75,"column":9}},"35":{"start":{"line":74,"column":12},"end":{"line":74,"column":53}},"36":{"start":{"line":78,"column":29},"end":{"line":87,"column":5}},"37":{"start":{"line":89,"column":4},"end":{"line":89,"column":60}},"38":{"start":{"line":91,"column":4},"end":{"line":91,"column":27}},"39":{"start":{"line":94,"column":0},"end":{"line":98,"column":1}}},"fnMap":{"0":{"name":"(anonymous_0)","decl":{"start":{"line":6,"column":26},"end":{"line":6,"column":27}},"loc":{"start":{"line":6,"column":53},"end":{"line":25,"column":1}},"line":6},"1":{"name":"(anonymous_1)","decl":{"start":{"line":28,"column":22},"end":{"line":28,"column":23}},"loc":{"start":{"line":28,"column":57},"end":{"line":33,"column":1}},"line":28},"2":{"name":"(anonymous_2)","decl":{"start":{"line":29,"column":48},"end":{"line":29,"column":49}},"loc":{"start":{"line":29,"column":75},"end":{"line":31,"column":5}},"line":29},"3":{"name":"(anonymous_3)","decl":{"start":{"line":36,"column":22},"end":{"line":36,"column":23}},"loc":{"start":{"line":36,"column":79},"end":{"line":92,"column":1}},"line":36}},"branchMap":{"0":{"loc":{"start":{"line":11,"column":8},"end":{"line":13,"column":9}},"type":"if","locations":[{"start":{"line":11,"column":8},"end":{"line":13,"column":9}},{"start":{},"end":{}}],"line":11},"1":{"loc":{"start":{"line":17,"column":8},"end":{"line":19,"column":9}},"type":"if","locations":[{"start":{"line":17,"column":8},"end":{"line":19,"column":9}},{"start":{},"end":{}}],"line":17},"2":{"loc":{"start":{"line":20,"column":8},"end":{"line":22,"column":9}},"type":"if","locations":[{"start":{"line":20,"column":8},"end":{"line":22,"column":9}},{"start":{},"end":{}}],"line":20},"3":{"loc":{"start":{"line":38,"column":4},"end":{"line":40,"column":5}},"type":"if","locations":[{"start":{"line":38,"column":4},"end":{"line":40,"column":5}},{"start":{},"end":{}}],"line":38},"4":{"loc":{"start":{"line":38,"column":8},"end":{"line":38,"column":57}},"type":"binary-expr","locations":[{"start":{"line":38,"column":8},"end":{"line":38,"column":21}},{"start":{"line":38,"column":25},"end":{"line":38,"column":57}}],"line":38},"5":{"loc":{"start":{"line":42,"column":4},"end":{"line":44,"column":5}},"type":"if","locations":[{"start":{"line":42,"column":4},"end":{"line":44,"column":5}},{"start":{},"end":{}}],"line":42},"6":{"loc":{"start":{"line":42,"column":8},"end":{"line":42,"column":72}},"type":"binary-expr","locations":[{"start":{"line":42,"column":8},"end":{"line":42,"column":11}},{"start":{"line":42,"column":15},"end":{"line":42,"column":37}},{"start":{"line":42,"column":41},"end":{"line":42,"column":72}}],"line":42},"7":{"loc":{"start":{"line":46,"column":4},"end":{"line":48,"column":5}},"type":"if","locations":[{"start":{"line":46,"column":4},"end":{"line":48,"column":5}},{"start":{},"end":{}}],"line":46},"8":{"loc":{"start":{"line":46,"column":8},"end":{"line":46,"column":52}},"type":"binary-expr","locations":[{"start":{"line":46,"column":8},"end":{"line":46,"column":19}},{"start":{"line":46,"column":23},"end":{"line":46,"column":52}}],"line":46},"9":{"loc":{"start":{"line":50,"column":4},"end":{"line":52,"column":5}},"type":"if","locations":[{"start":{"line":50,"column":4},"end":{"line":52,"column":5}},{"start":{},"end":{}}],"line":50},"10":{"loc":{"start":{"line":50,"column":8},"end":{"line":50,"column":48}},"type":"binary-expr","locations":[{"start":{"line":50,"column":8},"end":{"line":50,"column":17}},{"start":{"line":50,"column":21},"end":{"line":50,"column":48}}],"line":50},"11":{"loc":{"start":{"line":54,"column":4},"end":{"line":61,"column":5}},"type":"if","locations":[{"start":{"line":54,"column":4},"end":{"line":61,"column":5}},{"start":{},"end":{}}],"line":54},"12":{"loc":{"start":{"line":55,"column":8},"end":{"line":58,"column":82}},"type":"binary-expr","locations":[{"start":{"line":55,"column":8},"end":{"line":55,"column":20}},{"start":{"line":56,"column":8},"end":{"line":56,"column":39}},{"start":{"line":57,"column":8},"end":{"line":57,"column":44}},{"start":{"line":58,"column":9},"end":{"line":58,"column":43}},{"start":{"line":58,"column":47},"end":{"line":58,"column":81}}],"line":55},"13":{"loc":{"start":{"line":73,"column":8},"end":{"line":75,"column":9}},"type":"if","locations":[{"start":{"line":73,"column":8},"end":{"line":75,"column":9}},{"start":{},"end":{}}],"line":73}},"s":{"0":1,"1":1,"2":1,"3":1,"4":4,"5":4,"6":10,"7":1,"8":9,"9":9,"10":1,"11":8,"12":4,"13":2,"14":1,"15":3,"16":8,"17":3,"18":1,"19":2,"20":1,"21":1,"22":0,"23":1,"24":0,"25":1,"26":0,"27":1,"28":0,"29":1,"30":1,"31":1,"32":1,"33":1,"34":1,"35":1,"36":1,"37":1,"38":1,"39":1},"f":{"0":4,"1":3,"2":8,"3":2},"b":{"0":[1,9],"1":[1,8],"2":[4,4],"3":[1,1],"4":[2,1],"5":[0,1],"6":[1,1,1],"7":[0,1],"8":[1,1],"9":[0,1],"10":[1,1],"11":[0,1],"12":[1,1,1,1,1],"13":[1,0]},"_coverageSchema":"1a1c01bbd47fc00a2c39e90264f33305004495a9","hash":"496c0414a7681fdbc519553badf9297fc6a9178e"}
,"D:\\Academia\\UGM\\Semester 6\\Pengujian Perangkat Lunak\\Web-Testing\\backend\\controllers\\dataController.js": {"path":"D:\\Academia\\UGM\\Semester 6\\Pengujian Perangkat Lunak\\Web-Testing\\backend\\controllers\\dataController.js","statementMap":{"0":{"start":{"line":1,"column":11},"end":{"line":1,"column":24}},"1":{"start":{"line":4,"column":18},"end":{"line":4,"column":40}},"2":{"start":{"line":5,"column":18},"end":{"line":5,"column":45}},"3":{"start":{"line":9,"column":4},"end":{"line":13,"column":5}},"4":{"start":{"line":10,"column":8},"end":{"line":10,"column":42}},"5":{"start":{"line":12,"column":8},"end":{"line":12,"column":42}},"6":{"start":{"line":15,"column":4},"end":{"line":15,"column":28}},"7":{"start":{"line":19,"column":4},"end":{"line":25,"column":5}},"8":{"start":{"line":24,"column":8},"end":{"line":24,"column":89}},"9":{"start":{"line":26,"column":4},"end":{"line":26,"column":58}},"10":{"start":{"line":29,"column":0},"end":{"line":33,"column":1}}},"fnMap":{"0":{"name":"loadData","decl":{"start":{"line":7,"column":9},"end":{"line":7,"column":17}},"loc":{"start":{"line":7,"column":53},"end":{"line":16,"column":1}},"line":7},"1":{"name":"saveData","decl":{"start":{"line":18,"column":9},"end":{"line":18,"column":17}},"loc":{"start":{"line":18,"column":42},"end":{"line":27,"column":1}},"line":18}},"branchMap":{"0":{"loc":{"start":{"line":7,"column":18},"end":{"line":7,"column":34}},"type":"default-arg","locations":[{"start":{"line":7,"column":25},"end":{"line":7,"column":34}}],"line":7},"1":{"loc":{"start":{"line":7,"column":36},"end":{"line":7,"column":51}},"type":"default-arg","locations":[{"start":{"line":7,"column":46},"end":{"line":7,"column":51}}],"line":7},"2":{"loc":{"start":{"line":9,"column":4},"end":{"line":13,"column":5}},"type":"if","locations":[{"start":{"line":9,"column":4},"end":{"line":13,"column":5}},{"start":{"line":11,"column":11},"end":{"line":13,"column":5}}],"line":9},"3":{"loc":{"start":{"line":18,"column":24},"end":{"line":18,"column":40}},"type":"default-arg","locations":[{"start":{"line":18,"column":31},"end":{"line":18,"column":40}}],"line":18},"4":{"loc":{"start":{"line":19,"column":4},"end":{"line":25,"column":5}},"type":"if","locations":[{"start":{"line":19,"column":4},"end":{"line":25,"column":5}},{"start":{},"end":{}}],"line":19},"5":{"loc":{"start":{"line":20,"column":8},"end":{"line":22,"column":41}},"type":"binary-expr","locations":[{"start":{"line":20,"column":8},"end":{"line":20,"column":13}},{"start":{"line":21,"column":8},"end":{"line":21,"column":41}},{"start":{"line":22,"column":8},"end":{"line":22,"column":41}}],"line":20}},"s":{"0":2,"1":2,"2":2,"3":1,"4":0,"5":1,"6":1,"7":4,"8":3,"9":1,"10":2},"f":{"0":1,"1":4},"b":{"0":[1],"1":[1],"2":[0,1],"3":[0],"4":[3,1],"5":[4,3,2]},"_coverageSchema":"1a1c01bbd47fc00a2c39e90264f33305004495a9","hash":"92cbe818eb5fbe0530d4f5af57aebc5e3d2083f2"}
}
