TN:
SF:utils.js
FN:6,(anonymous_0)
FN:28,(anonymous_1)
FN:29,(anonymous_2)
FN:36,(anonymous_3)
FNF:4
FNH:4
FNDA:4,(anonymous_0)
FNDA:3,(anonymous_1)
FNDA:8,(anonymous_2)
FNDA:2,(anonymous_3)
DA:1,1
DA:2,1
DA:4,1
DA:6,1
DA:7,4
DA:10,4
DA:11,10
DA:12,1
DA:15,9
DA:17,9
DA:18,1
DA:20,8
DA:21,4
DA:24,2
DA:28,1
DA:29,3
DA:30,8
DA:32,3
DA:36,1
DA:38,2
DA:39,1
DA:42,1
DA:43,0
DA:46,1
DA:47,0
DA:50,1
DA:51,0
DA:54,1
DA:60,0
DA:63,1
DA:66,1
DA:67,1
DA:68,1
DA:71,1
DA:73,1
DA:74,1
DA:78,1
DA:89,1
DA:91,1
DA:94,1
LF:40
LH:36
BRDA:11,0,0,1
BRDA:11,0,1,9
BRDA:17,1,0,1
BRDA:17,1,1,8
BRDA:20,2,0,4
BRDA:20,2,1,4
BRDA:38,3,0,1
BRDA:38,3,1,1
BRDA:38,4,0,2
BRDA:38,4,1,1
BRDA:42,5,0,0
BRDA:42,5,1,1
BRDA:42,6,0,1
BRDA:42,6,1,1
BRDA:42,6,2,1
BRDA:46,7,0,0
BRDA:46,7,1,1
BRDA:46,8,0,1
BRDA:46,8,1,1
BRDA:50,9,0,0
BRDA:50,9,1,1
BRDA:50,10,0,1
BRDA:50,10,1,1
BRDA:54,11,0,0
BRDA:54,11,1,1
BRDA:55,12,0,1
BRDA:55,12,1,1
BRDA:55,12,2,1
BRDA:55,12,3,1
BRDA:55,12,4,1
BRDA:73,13,0,1
BRDA:73,13,1,0
BRF:32
BRH:27
end_of_record
TN:
SF:controllers\dataController.js
FN:7,loadData
FN:18,saveData
FNF:2
FNH:2
FNDA:1,loadData
FNDA:4,saveData
DA:1,2
DA:4,2
DA:5,2
DA:9,1
DA:10,0
DA:12,1
DA:15,1
DA:19,4
DA:24,3
DA:26,1
DA:29,2
LF:11
LH:10
BRDA:7,0,0,1
BRDA:7,1,0,1
BRDA:9,2,0,0
BRDA:9,2,1,1
BRDA:18,3,0,0
BRDA:19,4,0,3
BRDA:19,4,1,1
BRDA:20,5,0,4
BRDA:20,5,1,3
BRDA:20,5,2,2
BRF:10
BRH:8
end_of_record
